2023-08-24 18:45:48,230 | Ciudad 6 zonas, Y=3750, a=0.8, alpha=0.08, beta=0.46 
Archivo poblacion inicial: zonas6size200SoloFactible 
Estrategia: division tipo umbral, d1=0.026, d2=0.29, adicionales: umbral=0.809 
Tamaño población 20,elitismo 0.2, densidad máxima EDL 12, 
crossover para los 0.5 mejores y probabilidad mutación 0.1 

2023-08-24 19:07:19,536 | Generacion: 1, mejor MVRC 19079.163003442896, MVRC promedio 22190.742895344734, linea ganadora: [34, 263, 77, 45, 5584, 16, 19, 20, 53, 406, 6743, 184, 61]
2023-08-24 19:12:33,249 | Generacion: 2, mejor MVRC 18941.181680521524, MVRC promedio 20440.70750435471, linea ganadora: [1376, 1088, 37, 1195, 77, 17, 2673, 371, 7032]
2023-08-24 19:17:58,870 | Generacion: 3, mejor MVRC 18929.09181764676, MVRC promedio 19622.40608345404, linea ganadora: [197, 69, 300, 77, 17, 19, 7284, 215, 61]
2023-08-24 19:21:26,407 | Generacion: 4, mejor MVRC 18929.08573828589, MVRC promedio 19675.897877939962, linea ganadora: [69, 197, 300, 77, 17, 19, 7284, 215, 61]
2023-08-24 19:26:11,844 | Generacion: 5, mejor MVRC 18851.588128979336, MVRC promedio 19647.592478886138, linea ganadora: [1376, 324, 45, 77, 2511, 371, 403, 883, 2902, 21, 985, 61, 223]
2023-08-24 19:28:57,112 | Generacion: 6, mejor MVRC 18679.512665857415, MVRC promedio 19463.32877329473, linea ganadora: [324, 69, 1195, 300, 77, 235, 7284, 215, 985, 61]
2023-08-24 19:31:08,995 | Generacion: 7, mejor MVRC 18679.928158659968, MVRC promedio 19687.99457516765, linea ganadora: [324, 69, 1195, 300, 77, 235, 7284, 215, 985, 61]
2023-08-24 19:34:26,740 | Generacion: 8, mejor MVRC 18679.928158659968, MVRC promedio 19833.96052174987, linea ganadora: [324, 69, 1195, 300, 77, 235, 7284, 215, 985, 61]
2023-08-24 19:36:14,620 | Generacion: 9, mejor MVRC 18679.928158659968, MVRC promedio 19253.85870218652, linea ganadora: [324, 69, 1195, 300, 77, 235, 7284, 215, 985, 61]
2023-08-24 19:39:21,428 | Generacion: 10, mejor MVRC 18679.928158659968, MVRC promedio 19256.595621237757, linea ganadora: [324, 69, 1195, 300, 77, 235, 7284, 215, 985, 61]
2023-08-24 19:40:52,786 | Generacion: 11, mejor MVRC 18679.928158659968, MVRC promedio 19645.965271403595, linea ganadora: [324, 69, 1195, 300, 77, 235, 7284, 215, 985, 61]
2023-08-24 19:42:49,223 | Generacion: 12, mejor MVRC 18679.928158659968, MVRC promedio 19098.013137081303, linea ganadora: [324, 69, 1195, 300, 77, 235, 7284, 215, 985, 61]
2023-08-24 19:45:11,034 | Generacion: 13, mejor MVRC 18679.928158659968, MVRC promedio 19346.863585882053, linea ganadora: [324, 69, 1195, 300, 77, 235, 7284, 215, 985, 61]
2023-08-24 19:47:09,270 | Generacion: 14, mejor MVRC 18679.928158659968, MVRC promedio 19617.502679095698, linea ganadora: [324, 69, 1195, 300, 77, 235, 7284, 215, 985, 61]
2023-08-24 19:50:29,649 | Generacion: 15, mejor MVRC 18679.928158659968, MVRC promedio 19335.88750398428, linea ganadora: [324, 69, 1195, 300, 77, 235, 7284, 215, 985, 61]
2023-08-24 19:52:35,034 | Generacion: 16, mejor MVRC 18679.928158659968, MVRC promedio 19371.831590028287, linea ganadora: [324, 69, 1195, 300, 77, 235, 7284, 215, 985, 61]
2023-08-24 19:55:03,217 | Generacion: 17, mejor MVRC 18679.48338916812, MVRC promedio 19169.98447531759, linea ganadora: [324, 69, 1195, 300, 77, 235, 7284, 215, 985, 61]
2023-08-24 19:56:02,861 | Generacion: 17, mejor MVRC 18679.928, MVRC promedio 19129.542, linea ganadora: [324, 69, 1195, 300, 77, 235, 7284, 215, 985, 61]
2023-08-24 19:56:02,865 | Tiempo total ejecución: 4230.854897737503
2023-08-24 19:56:02,867 | Mejor EDL [324, 69, 1195, 300, 77, 235, 7284, 215, 985, 61]
2023-08-24 19:56:02,869 | Tiempo total ejecución: 4230.854897737503
